<?xml version="1.0" encoding="UTF-8"?>
<!-- Generated by org.testng.reporters.JUnitReportReporter -->
<testsuite hostname="SYS250-PC" name="Com.E2M.CMS_Event2MobileTest.Verify_formFillup_Bulkupload_Format_TC09" tests="1" failures="0" timestamp="24 Dec 2019 13:12:50 GMT" time="53.278" errors="0">
  <testcase name="CMS_E2MTest_VerifyFilledFormFormat_TC08" time="53.278" classname="Com.E2M.CMS_Event2MobileTest.Verify_formFillup_Bulkupload_Format_TC09"/>
</testsuite> <!-- Com.E2M.CMS_Event2MobileTest.Verify_formFillup_Bulkupload_Format_TC09 -->
