<?xml version="1.0" encoding="UTF-8"?>
<!-- Generated by org.testng.reporters.JUnitReportReporter -->
<testsuite hostname="SYS250-PC" name="Com.E2M.CMS_Event2MobileTest.AddUser_Bulk_UploadTest" tests="1" failures="0" timestamp="31 Dec 2019 10:37:39 GMT" time="36.370" errors="0">
  <testcase name="CMS_E2MTest_BulkUpload_TC05" time="36.370" classname="Com.E2M.CMS_Event2MobileTest.AddUser_Bulk_UploadTest"/>
</testsuite> <!-- Com.E2M.CMS_Event2MobileTest.AddUser_Bulk_UploadTest -->
