<?xml version="1.0" encoding="UTF-8"?>
<!-- Generated by org.testng.reporters.JUnitReportReporter -->
<testsuite hostname="SYS250-PC" name="Com.E2M.CMS_Event2MobileTest.upload_attendee_with_images_And_VarifyTest" tests="1" failures="0" timestamp="31 Dec 2019 10:37:39 GMT" time="55.728" errors="0">
  <testcase name="CMS_E2MTest_BulkUpload_TC07" time="55.728" classname="Com.E2M.CMS_Event2MobileTest.upload_attendee_with_images_And_VarifyTest"/>
</testsuite> <!-- Com.E2M.CMS_Event2MobileTest.upload_attendee_with_images_And_VarifyTest -->
