<?xml version="1.0" encoding="UTF-8"?>
<!-- Generated by org.testng.reporters.JUnitReportReporter -->
<testsuite hostname="SYS250-PC" name="Com.E2M.CMS_Event2MobileTest.Varify_FormFillUpPage_Format" tests="1" failures="0" timestamp="24 Dec 2019 11:11:23 GMT" time="34.405" errors="0">
  <testcase name="CMS_E2MTest_AddUser_TC06" time="34.405" classname="Com.E2M.CMS_Event2MobileTest.Varify_FormFillUpPage_Format"/>
</testsuite> <!-- Com.E2M.CMS_Event2MobileTest.Varify_FormFillUpPage_Format -->
