<?xml version="1.0" encoding="UTF-8"?>
<!-- Generated by org.testng.reporters.JUnitReportReporter -->
<testsuite hostname="SYS250-PC" name="Com.E2M.CMS_Event2MobileTest.CreateEvent_With_Feature" tests="1" failures="0" timestamp="3 Jan 2020 15:01:52 GMT" time="44.795" errors="0">
  <testcase name="CMS_E2MTest_BulkUpload_TC05" time="44.795" classname="Com.E2M.CMS_Event2MobileTest.CreateEvent_With_Feature"/>
</testsuite> <!-- Com.E2M.CMS_Event2MobileTest.CreateEvent_With_Feature -->
