<?xml version="1.0" encoding="UTF-8"?>
<!-- Generated by org.testng.reporters.JUnitReportReporter -->
<testsuite hostname="SYS250-PC" name="Com.E2M.CMS_Event2MobileTest.Verify_formFillup_Bulkupload_FormatTest" tests="1" failures="0" timestamp="31 Dec 2019 10:37:39 GMT" time="49.845" errors="0">
  <testcase name="CMS_E2MTest_VerifyFilledBulkupload_Format_TC09" time="49.845" classname="Com.E2M.CMS_Event2MobileTest.Verify_formFillup_Bulkupload_FormatTest"/>
</testsuite> <!-- Com.E2M.CMS_Event2MobileTest.Verify_formFillup_Bulkupload_FormatTest -->
