<?xml version="1.0" encoding="UTF-8"?>
<!-- Generated by org.testng.reporters.JUnitReportReporter -->
<testsuite hostname="SYS250-PC" name="Com.E2M.CMS_Event2MobileTest.WriteExcel" tests="1" failures="0" timestamp="26 Dec 2019 11:02:38 GMT" time="18.058" errors="0">
  <testcase name="CMS_E2MTest_VerifyFilledBulkupload_Format_TC09" time="18.058" classname="Com.E2M.CMS_Event2MobileTest.WriteExcel"/>
</testsuite> <!-- Com.E2M.CMS_Event2MobileTest.WriteExcel -->
